npm warn using --force Recommended protections disabled.
 WARN  using --force I sure hope you know what you are doing

> restoreassist@1.0.0 prebuild /Users/phillmcgurk/Unite-Nexus/workspace/RestoreAssist
> tsx scripts/build-help-index.ts

[help-index] wrote 8 entries → /Users/phillmcgurk/Unite-Nexus/workspace/RestoreAssist/public/help-index.json

> restoreassist@1.0.0 build /Users/phillmcgurk/Unite-Nexus/workspace/RestoreAssist
> NODE_OPTIONS="--max-old-space-size=8192" sh scripts/build.sh

 WARN  using --force I sure hope you know what you are doing
Loaded Prisma config from prisma.config.ts.

Prisma config detected, skipping environment variable loading.
Prisma schema loaded from prisma/schema.prisma

✔ Generated Prisma Client (v6.19.3) to ./node_modules/.pnpm/@prisma+client@6.19.3_prisma@6.19.3_magicast@0.3.5_typescript@6.0.3__typescript@6.0.3/node_modules/@prisma/client in 391ms

Start by importing your Prisma Client (See: https://pris.ly/d/importing-client)

Tip: Want to turn off tips and other hints? https://pris.ly/tip-4-nohints

[build] VERCEL_ENV=preview — skipping prisma migrate deploy (no prod DB in this env)
⚠ `eslint` configuration in next.config.mjs is no longer supported. See more info here: https://nextjs.org/docs/app/api-reference/cli/next#next-lint-options
⚠ Invalid next.config.mjs options detected: 
⚠     Unrecognized key(s) in object: 'eslint'
⚠ See more info here: https://nextjs.org/docs/messages/invalid-next-config
▲ Next.js 16.2.6 (Turbopack)
- Environments: .env.local
- Experiments (use with caution):
  · clientTraceMetadata
  · optimizePackageImports

⚠ The "middleware" file convention is deprecated. Please use "proxy" instead. Learn more: https://nextjs.org/docs/messages/middleware-to-proxy
  Creating an optimized production build ...
✓ Compiled successfully in 12.1s
  Running next.config.js provided runAfterProductionCompile ...
✓ Completed runAfterProductionCompile in 579ms
  Skipping validation of types
  Finished TypeScript config validation in 5ms ...
  Collecting page data using 9 workers ...
  Generating static pages using 9 workers (0/397) ...
  Generating static pages using 9 workers (99/397) 
  Generating static pages using 9 workers (198/397) 
  Generating static pages using 9 workers (297/397) 
[help] frontmatter invalid for /Users/phillmcgurk/Unite-Nexus/workspace/RestoreAssist/content/help/_fixtures/test-article.mdx: {
  _errors: [],
  category: {
    _errors: [
      "Invalid enum value. Expected 'getting-started' | 'inspections' | 'reports' | 'clients-and-portal' | 'billing' | 'team' | 'integrations' | 'compliance', received '_fixtures'"
    ]
  }
}
✓ Generating static pages using 9 workers (397/397) in 624ms
  Finalizing page optimization ...

Route (app)                                                Revalidate  Expire
┌ ○ /
├ ○ /_not-found
├ ○ /.well-known/apple-app-site-association                        1d      1y
├ ○ /.well-known/security.txt                                      1d      1y
├ ○ /about
├ ƒ /api/account/delete
├ ƒ /api/addons/check-pending
├ ƒ /api/addons/checkout
├ ƒ /api/addons/purchases
├ ƒ /api/addons/verify
├ ƒ /api/admin/business-metrics
├ ƒ /api/admin/clients/[clientId]/portal-account
├ ƒ /api/admin/cron-jobs
├ ƒ /api/admin/evaluation
├ ƒ /api/admin/evidence-review
├ ƒ /api/admin/impersonate
├ ƒ /api/admin/impersonate/log
├ ƒ /api/admin/impersonate/stop
├ ƒ /api/admin/migrate-v2
├ ƒ /api/admin/optimize-prompts
├ ƒ /api/admin/portal-accounts/[id]/revoke
├ ƒ /api/admin/portal-accounts/[id]/rotate
├ ƒ /api/admin/publish/app-store
├ ƒ /api/admin/publish/assets
├ ƒ /api/admin/publish/google-play
├ ƒ /api/admin/seed-demo
├ ƒ /api/admin/stats
├ ƒ /api/admin/stripe-diagnostics
├ ƒ /api/admin/usage
├ ƒ /api/admin/users
├ ƒ /api/admin/users/[id]
├ ƒ /api/admin/vectorise
├ ƒ /api/agents
├ ƒ /api/agents/[slug]
├ ƒ /api/agents/tasks/[id]
├ ƒ /api/agents/workflows
├ ƒ /api/agents/workflows/[id]
├ ƒ /api/agents/workflows/[id]/execute
├ ƒ /api/agents/workflows/[id]/resume
├ ƒ /api/ai/auto-classify-photo/[photoId]
├ ƒ /api/ai/vision
├ ƒ /api/ai/voice-note-transcribe
├ ƒ /api/analytics
├ ƒ /api/analytics/activation-funnel
├ ƒ /api/analytics/activity-feed
├ ƒ /api/analytics/billing-overview
├ ƒ /api/analytics/completion-metrics
├ ƒ /api/analytics/dashboard-stats
├ ƒ /api/analytics/export
├ ƒ /api/analytics/insights
├ ƒ /api/analytics/monthly-volume
├ ƒ /api/analytics/narrative
├ ƒ /api/analytics/revenue-projections
├ ƒ /api/ascora/connect
├ ƒ /api/ascora/pricing-database
├ ƒ /api/ascora/sync
├ ƒ /api/auth/[...nextauth]
├ ƒ /api/auth/2fa/disable
├ ƒ /api/auth/2fa/enable
├ ƒ /api/auth/2fa/setup
├ ƒ /api/auth/change-password
├ ƒ /api/auth/dev-login
├ ƒ /api/auth/forgot-password
├ ƒ /api/auth/google-session
├ ƒ /api/auth/google-signin
├ ƒ /api/auth/handoff/initiate
├ ƒ /api/auth/native-token-exchange
├ ƒ /api/auth/register
├ ƒ /api/auth/reset-password
├ ƒ /api/auth/revoke-sessions
├ ƒ /api/authorisations
├ ƒ /api/authorisations/most-recent
├ ƒ /api/authority-forms
├ ƒ /api/authority-forms/[id]
├ ƒ /api/authority-forms/[id]/pdf
├ ƒ /api/authority-forms/[id]/send-completed
├ ƒ /api/authority-forms/[id]/send-signature-request
├ ƒ /api/authority-forms/[id]/signatures
├ ƒ /api/authority-forms/sign/[token]
├ ƒ /api/authority-forms/templates
├ ƒ /api/billing/checkout
├ ƒ /api/billing/trial-status
├ ƒ /api/calculate
├ ƒ /api/cancel-subscription
├ ƒ /api/chatbot
├ ƒ /api/check-active-subscription
├ ƒ /api/checkout-lifetime
├ ƒ /api/claims/analyses
├ ƒ /api/claims/analyses/latest
├ ƒ /api/claims/analyze-batch
├ ƒ /api/claims/document/[fileId]
├ ƒ /api/claims/drive-folders
├ ƒ /api/claims/google-drive-token
├ ƒ /api/claims/list-files
├ ƒ /api/claims/missing-elements
├ ƒ /api/claims/templates
├ ƒ /api/clients
├ ƒ /api/clients/[id]
├ ƒ /api/clients/[id]/duplicate
├ ƒ /api/clients/bulk-delete
├ ƒ /api/clients/search
├ ƒ /api/content/gate-check
├ ƒ /api/contractors
├ ƒ /api/contractors/[slug]
├ ƒ /api/contractors/certifications
├ ƒ /api/contractors/certifications/[id]
├ ƒ /api/contractors/profile
├ ƒ /api/contractors/reviews
├ ƒ /api/contractors/reviews/[id]
├ ƒ /api/contractors/reviews/[id]/dispute
├ ƒ /api/contractors/service-areas
├ ƒ /api/contractors/service-areas/[id]
├ ƒ /api/cost-items
├ ƒ /api/cost-items/[id]
├ ƒ /api/cost-libraries
├ ƒ /api/cost-libraries/[id]
├ ƒ /api/cost-libraries/[id]/import
├ ƒ /api/cost-libraries/promote
├ ƒ /api/cost-libraries/search
├ ƒ /api/create-checkout-session
├ ƒ /api/credits/use
├ ƒ /api/cron/advance-workflows
├ ƒ /api/cron/backfill-progress
├ ƒ /api/cron/board-meeting
├ ƒ /api/cron/brand-ambassador
├ ƒ /api/cron/cleanup
├ ƒ /api/cron/cleanup-expired-files
├ ƒ /api/cron/dead-letter-review
├ ƒ /api/cron/design-system-onboarding
├ ƒ /api/cron/dr-nrpg-liveness
├ ƒ /api/cron/google-token-refresh
├ ƒ /api/cron/override-governance
├ ƒ /api/cron/process-emails
├ ƒ /api/cron/prune-webhook-events
├ ƒ /api/cron/scout
├ ƒ /api/cron/storage-mirror
├ ƒ /api/cron/storage-mirror-recovery
├ ƒ /api/cron/sync-invoices
├ ƒ /api/cron/sync-xero-payments
├ ƒ /api/cron/trial-reminders
├ ƒ /api/cron/winback
├ ƒ /api/dashboard/stats
├ ƒ /api/dr-nrpg/connect
├ ƒ /api/elevenlabs/sfx
├ ƒ /api/elevenlabs/voice
├ ƒ /api/estimates
├ ƒ /api/estimates/[id]
├ ƒ /api/estimates/[id]/status
├ ƒ /api/feedback
├ ƒ /api/form-templates
├ ƒ /api/form-templates/[id]
├ ƒ /api/form-templates/seed
├ ƒ /api/forms/interview/analytics
├ ƒ /api/forms/interview/answer
├ ƒ /api/forms/interview/complete
├ ƒ /api/forms/interview/start
├ ƒ /api/forms/submissions
├ ƒ /api/forms/submit
├ ƒ /api/harness/brief-templates
├ ƒ /api/harness/gate-check
├ ƒ /api/health
├ ƒ /api/health/migrations
├ ƒ /api/heygen
├ ƒ /api/inspections
├ ƒ /api/inspections/[id]
├ ƒ /api/inspections/[id]/accept
├ ƒ /api/inspections/[id]/activity
├ ƒ /api/inspections/[id]/affected-areas
├ ƒ /api/inspections/[id]/affected-areas/[areaId]
├ ƒ /api/inspections/[id]/apply-checklist
├ ƒ /api/inspections/[id]/assessments/[type]/generate
├ ƒ /api/inspections/[id]/assessments/[type]/pdf
├ ƒ /api/inspections/[id]/audit
├ ƒ /api/inspections/[id]/australian-compliance
├ ƒ /api/inspections/[id]/biohazard-assessment
├ ƒ /api/inspections/[id]/carpet-restoration
├ ƒ /api/inspections/[id]/circuit-assessment
├ ƒ /api/inspections/[id]/classification
├ ƒ /api/inspections/[id]/classify
├ ƒ /api/inspections/[id]/close
├ ƒ /api/inspections/[id]/close-summary
├ ƒ /api/inspections/[id]/completeness
├ ƒ /api/inspections/[id]/contents-manifest
├ ƒ /api/inspections/[id]/contents-pack-out
├ ƒ /api/inspections/[id]/contents-pack-out/[itemId]
├ ƒ /api/inspections/[id]/dispute-pack
├ ƒ /api/inspections/[id]/drying-goal
├ ƒ /api/inspections/[id]/environmental
├ ƒ /api/inspections/[id]/equipment-calculator
├ ƒ /api/inspections/[id]/evidence
├ ƒ /api/inspections/[id]/evidence/batch
├ ƒ /api/inspections/[id]/evidence/qa-scores
├ ƒ /api/inspections/[id]/export-data
├ ƒ /api/inspections/[id]/fire-smoke-assessment
├ ƒ /api/inspections/[id]/floor-plan
├ ƒ /api/inspections/[id]/generate-invoice
├ ƒ /api/inspections/[id]/generate-scope
├ ƒ /api/inspections/[id]/group-readings
├ ƒ /api/inspections/[id]/guidewire
├ ƒ /api/inspections/[id]/handover
├ ƒ /api/inspections/[id]/hvac-assessment
├ ƒ /api/inspections/[id]/insurer-profile
├ ƒ /api/inspections/[id]/make-safe
├ ƒ /api/inspections/[id]/media
├ ƒ /api/inspections/[id]/moisture
├ ƒ /api/inspections/[id]/moisture/[readingId]
├ ƒ /api/inspections/[id]/monitoring-report
├ ƒ /api/inspections/[id]/mould-remediation
├ ƒ /api/inspections/[id]/photos
├ ƒ /api/inspections/[id]/photos/[photoId]/labels
├ ƒ /api/inspections/[id]/psychrometric
├ ƒ /api/inspections/[id]/reopen
├ ƒ /api/inspections/[id]/report
├ ƒ /api/inspections/[id]/scope-items
├ ƒ /api/inspections/[id]/scope-items/[itemId]
├ ƒ /api/inspections/[id]/scope-variations
├ ƒ /api/inspections/[id]/sign
├ ƒ /api/inspections/[id]/similar-jobs
├ ƒ /api/inspections/[id]/sketches
├ ƒ /api/inspections/[id]/sketches/[sketchId]
├ ƒ /api/inspections/[id]/sketches/estimate
├ ƒ /api/inspections/[id]/sketches/import-from-image
├ ƒ /api/inspections/[id]/sketches/pdf
├ ƒ /api/inspections/[id]/storm-damage
├ ƒ /api/inspections/[id]/submit
├ ƒ /api/inspections/[id]/swms
├ ƒ /api/inspections/[id]/validate
├ ƒ /api/inspections/[id]/vectorise-jobs
├ ƒ /api/inspections/[id]/voice/checklist
├ ƒ /api/inspections/[id]/voice/observation
├ ƒ /api/inspections/[id]/voice/session
├ ƒ /api/inspections/[id]/water-damage-classification
├ ƒ /api/inspections/[id]/workflow
├ ƒ /api/inspections/[id]/workflow/validate
├ ƒ /api/inspections/bulk-delete
├ ƒ /api/inspections/checklists
├ ƒ /api/inspections/classify
├ ƒ /api/inspections/contents-manifest
├ ƒ /api/inspections/export
├ ƒ /api/inspections/inbound-jobs
├ ƒ /api/insurer-profiles
├ ƒ /api/insurer-profiles/[id]
├ ƒ /api/integrations
├ ƒ /api/integrations/[id]
├ ƒ /api/integrations/google/refresh
├ ƒ /api/integrations/health
├ ƒ /api/integrations/metrics
├ ƒ /api/integrations/nir-sync
├ ƒ /api/integrations/oauth/[provider]/callback
├ ƒ /api/integrations/oauth/[provider]/clients
├ ƒ /api/integrations/oauth/[provider]/connect
├ ƒ /api/integrations/oauth/[provider]/disconnect
├ ƒ /api/integrations/oauth/[provider]/jobs
├ ƒ /api/integrations/oauth/[provider]/sync
├ ƒ /api/integrations/sync-errors
├ ƒ /api/integrations/xero/sync-status
├ ƒ /api/interviews
├ ƒ /api/interviews/[id]
├ ƒ /api/interviews/[id]/inspection-prefill
├ ƒ /api/interviews/[id]/suggest-next
├ ƒ /api/interviews/[id]/validate
├ ƒ /api/interviews/bulk-delete
├ ƒ /api/invites/[token]
├ ƒ /api/invites/oauth-complete
├ ƒ /api/invoices
├ ƒ /api/invoices/[id]
├ ƒ /api/invoices/[id]/checkout
├ ƒ /api/invoices/[id]/payments
├ ƒ /api/invoices/[id]/pdf
├ ƒ /api/invoices/[id]/retry-sync
├ ƒ /api/invoices/[id]/rotate-public-token
├ ƒ /api/invoices/[id]/send
├ ƒ /api/invoices/[id]/sync
├ ƒ /api/invoices/[id]/variations
├ ƒ /api/invoices/analytics
├ ƒ /api/invoices/credit-notes
├ ƒ /api/invoices/payments
├ ƒ /api/invoices/payments/[id]
├ ƒ /api/invoices/recurring
├ ƒ /api/invoices/templates
├ ƒ /api/invoices/templates/[id]
├ ƒ /api/invoices/templates/[id]/duplicate
├ ƒ /api/live-teacher/audit/[sessionId]
├ ƒ /api/live-teacher/session
├ ƒ /api/live-teacher/turn
├ ƒ /api/margot/chat
├ ƒ /api/margot/corpus/status
├ ƒ /api/margot/health
├ ƒ /api/margot/hermes-proxy
├ ƒ /api/margot/linear/top
├ ƒ /api/margot/schedules
├ ƒ /api/margot/telegram/recent
├ ƒ /api/media
├ ƒ /api/media/[id]/seo
├ ƒ /api/media/stats
├ ƒ /api/mission-control/context
├ ƒ /api/mobile/beta-signup
├ ƒ /api/notifications
├ ƒ /api/notifications/[id]
├ ƒ /api/notifications/[id]/read
├ ƒ /api/notifications/email
├ ƒ /api/notifications/read-all
├ ƒ /api/oauth/google-drive/callback
├ ƒ /api/oauth/google-drive/start
├ ƒ /api/oauth/google-drive/status
├ ƒ /api/observability/client-error
├ ƒ /api/onboarding/account-type
├ ƒ /api/onboarding/first-run
├ ƒ /api/onboarding/status
├ ƒ /api/pilot/adjuster-session
├ ƒ /api/pilot/observations
├ ƒ /api/pilot/readiness
├ ƒ /api/pilot/survey-status
├ ƒ /api/portal/[token]
├ ƒ /api/portal/[token]/pdf
├ ƒ /api/portal/generate
├ ƒ /api/portal/invitations
├ ƒ /api/portal/invitations/[id]/resend
├ ƒ /api/portal/invitations/accept
├ ƒ /api/portal/invitations/verify
├ ƒ /api/portal/reports
├ ƒ /api/portal/reports/[id]
├ ƒ /api/portal/reports/[id]/approvals
├ ƒ /api/portal/reports/[id]/download
├ ƒ /api/pricing-config
├ ƒ /api/progress/[reportId]
├ ƒ /api/progress/[reportId]/attest
├ ƒ /api/progress/[reportId]/documents/[type]
├ ƒ /api/progress/[reportId]/init
├ ƒ /api/progress/[reportId]/pre-attest
├ ƒ /api/progress/[reportId]/transition
├ ƒ /api/progress/governance
├ ƒ /api/properties/scrape
├ ƒ /api/properties/scrape/health
├ ƒ /api/property/lookup
├ ƒ /api/push/subscribe
├ ƒ /api/reactivate-subscription
├ ƒ /api/releases/[id]/seen
├ ƒ /api/releases/unseen
├ ƒ /api/reports
├ ƒ /api/reports/[id]
├ ƒ /api/reports/[id]/approvals
├ ƒ /api/reports/[id]/approvals/[approvalId]/respond
├ ƒ /api/reports/[id]/authority-forms
├ ƒ /api/reports/[id]/authority-forms/suggestions
├ ƒ /api/reports/[id]/client-summary
├ ƒ /api/reports/[id]/completeness-check
├ ƒ /api/reports/[id]/download
├ ƒ /api/reports/[id]/download-cost-estimation
├ ƒ /api/reports/[id]/download-enhanced
├ ƒ /api/reports/[id]/download-inspection-report
├ ƒ /api/reports/[id]/download-json
├ ƒ /api/reports/[id]/download-scope
├ ƒ /api/reports/[id]/duplicate
├ ƒ /api/reports/[id]/equipment
├ ƒ /api/reports/[id]/export-excel
├ ƒ /api/reports/[id]/export-package
├ ƒ /api/reports/[id]/generate-detailed
├ ƒ /api/reports/[id]/generate-forensic-pdf
├ ƒ /api/reports/[id]/insurer-link
├ ƒ /api/reports/[id]/nir-data
├ ƒ /api/reports/[id]/pdf
├ ƒ /api/reports/[id]/sections
├ ƒ /api/reports/[id]/share-link
├ ƒ /api/reports/[id]/synopsis
├ ƒ /api/reports/[id]/version-history
├ ƒ /api/reports/analyze-technician-report
├ ƒ /api/reports/bulk-delete
├ ƒ /api/reports/bulk-duplicate
├ ƒ /api/reports/bulk-export-excel
├ ƒ /api/reports/bulk-export-excel-list
├ ƒ /api/reports/bulk-export-zip
├ ƒ /api/reports/bulk-status
├ ƒ /api/reports/check-credits
├ ƒ /api/reports/completeness-check
├ ƒ /api/reports/generate-cost-estimation
├ ƒ /api/reports/generate-enhanced
├ ƒ /api/reports/generate-inspection-report
├ ƒ /api/reports/generate-question
├ ƒ /api/reports/generate-scope-of-works
├ ƒ /api/reports/initial-entry
├ ƒ /api/reports/parse-pdf
├ ƒ /api/reports/save-tier-responses
├ ƒ /api/reports/search
├ ƒ /api/reports/upload
├ ƒ /api/restoration-documents
├ ƒ /api/restoration-documents/[id]
├ ƒ /api/restoration-documents/seed
├ ƒ /api/scope-templates
├ ƒ /api/scope-templates/[id]
├ ƒ /api/scopes
├ ƒ /api/scopes/[id]
├ ƒ /api/search
├ ƒ /api/setup/activate
├ ƒ /api/setup/checks
├ ƒ /api/setup/hydrate
├ ƒ /api/setup/hydrate/stream
├ ƒ /api/setup/pricing
├ ƒ /api/setup/state
├ ƒ /api/storage/mirror-jobs
├ ƒ /api/storage/mirror-jobs/retry/[jobId]
├ ƒ /api/subscription
├ ƒ /api/subscription/portal
├ ƒ /api/support/tickets
├ ƒ /api/support/tickets/[id]
├ ƒ /api/support/tickets/[id]/draft
├ ƒ /api/support/tickets/mine
├ ƒ /api/team/activity
├ ƒ /api/team/assignees
├ ƒ /api/team/invites
├ ƒ /api/team/invites/[id]/resend
├ ƒ /api/team/members
├ ƒ /api/team/members/[id]
├ ƒ /api/test/seed-authorisation
├ ƒ /api/test/seed-inspection
├ ƒ /api/test/seed-org-with-manager
├ ƒ /api/test/seed-trial-user
├ ƒ /api/test/sign-in-as
├ ƒ /api/test/sign-in-google-as
├ ƒ /api/upload
├ ƒ /api/upload/logo
├ ƒ /api/user/change-password
├ ƒ /api/user/cloud-mirror
├ ƒ /api/user/experience-mode
├ ƒ /api/user/export
├ ƒ /api/user/product-tour
├ ƒ /api/user/profile
├ ƒ /api/user/quick-fill-credits
├ ƒ /api/user/trial-status
├ ƒ /api/verify-subscription
├ ƒ /api/video/analytics
├ ƒ /api/video/engagement
├ ƒ /api/vision/extract-reading
├ ƒ /api/weather/snapshot
├ ƒ /api/webhooks/ascora
├ ƒ /api/webhooks/dr-nrpg
├ ƒ /api/webhooks/github
├ ƒ /api/webhooks/logs
├ ƒ /api/webhooks/logs/[id]/retry
├ ƒ /api/webhooks/myob
├ ƒ /api/webhooks/process
├ ƒ /api/webhooks/quickbooks
├ ƒ /api/webhooks/servicem8
├ ƒ /api/webhooks/stripe
├ ƒ /api/webhooks/xero
├ ƒ /api/workspace/provider-connections
├ ƒ /api/workspace/provider-connections/validate
├ ƒ /api/workspace/scraping-provider-connections
├ ƒ /api/workspace/scraping-provider-connections/validate
├ ƒ /api/workspace/settings
├ ƒ /api/workspace/status
├ ƒ /api/xero-account-mapping
├ ○ /apple-icon.png
├ ƒ /auth/redeem
├ ƒ /billing/success
├ ƒ /billing/upgrade
├ ○ /blog
├ ○ /compliance
├ ○ /compliance-library
├ ○ /contact
├ ○ /contractors
├ ƒ /contractors/[slug]
├ ○ /dashboard
├ ○ /dashboard/admin
├ ○ /dashboard/admin/ai-lab
├ ○ /dashboard/admin/business
├ ƒ /dashboard/admin/content-gate
├ ○ /dashboard/admin/cron-jobs
├ ○ /dashboard/admin/evidence-review
├ ○ /dashboard/admin/pilot
├ ○ /dashboard/admin/pilot/claim-002
├ ○ /dashboard/admin/pilot/claim-003
├ ○ /dashboard/admin/pilot/claim-004
├ ○ /dashboard/admin/usage
├ ○ /dashboard/admin/users
├ ○ /dashboard/admin/video-analytics
├ ○ /dashboard/admin/workflows
├ ○ /dashboard/analytics
├ ○ /dashboard/billing
├ ○ /dashboard/change-password
├ ƒ /dashboard/claims
├ ○ /dashboard/claims-analysis
├ ○ /dashboard/claims-analysis/export
├ ƒ /dashboard/claims/[reportId]
├ ○ /dashboard/clients
├ ƒ /dashboard/clients/[id]
├ ƒ /dashboard/clients/[id]/edit
├ ƒ /dashboard/clients/[id]/portal
├ ○ /dashboard/contractors/certifications
├ ○ /dashboard/contractors/equipment
├ ○ /dashboard/contractors/profile
├ ○ /dashboard/contractors/reviews
├ ○ /dashboard/contractors/service-areas
├ ○ /dashboard/cost-libraries
├ ƒ /dashboard/cost-libraries/[id]
├ ƒ /dashboard/cost-libraries/[id]/bulk-editor
├ ○ /dashboard/credits
├ ○ /dashboard/feedback
├ ○ /dashboard/field
├ ○ /dashboard/field/bluetooth-pair
├ ○ /dashboard/form-templates
├ ƒ /dashboard/form-templates/[id]
├ ○ /dashboard/form-templates/new
├ ○ /dashboard/forms/authority
├ ○ /dashboard/forms/interview
├ ○ /dashboard/forms/submissions
├ ○ /dashboard/forms/templates
├ ƒ /dashboard/governance
├ ƒ /dashboard/help
├ ƒ /dashboard/help/[category]
├ ƒ /dashboard/help/[category]/[slug]
├ ○ /dashboard/help/contact
├ ○ /dashboard/inspections
├ ƒ /dashboard/inspections/[id]
├ ƒ /dashboard/inspections/[id]/assessments
├ ƒ /dashboard/inspections/[id]/audit
├ ƒ /dashboard/inspections/[id]/capture
├ ƒ /dashboard/inspections/[id]/contents
├ ƒ /dashboard/inspections/[id]/contents-manifest
├ ƒ /dashboard/inspections/[id]/field
├ ƒ /dashboard/inspections/[id]/insurer-profile
├ ƒ /dashboard/inspections/[id]/invoice
├ ƒ /dashboard/inspections/[id]/monitoring
├ ƒ /dashboard/inspections/[id]/photos
├ ƒ /dashboard/inspections/[id]/print
├ ƒ /dashboard/inspections/[id]/scope-items
├ ƒ /dashboard/inspections/[id]/sketch-preview
├ ƒ /dashboard/inspections/[id]/voice
├ ○ /dashboard/inspections/new
├ ○ /dashboard/inspections/schedule
├ ○ /dashboard/integrations
├ ○ /dashboard/integrations/health
├ ○ /dashboard/integrations/sync-errors
├ ○ /dashboard/integrations/sync-history
├ ○ /dashboard/integrations/webhooks
├ ○ /dashboard/interview-analytics
├ ○ /dashboard/interviews
├ ƒ /dashboard/interviews/[id]
├ ○ /dashboard/interviews/new
├ ○ /dashboard/invoices
├ ƒ /dashboard/invoices/[id]
├ ƒ /dashboard/invoices/[id]/edit
├ ƒ /dashboard/invoices/[id]/variations
├ ○ /dashboard/invoices/analytics
├ ○ /dashboard/invoices/credit-notes
├ ○ /dashboard/invoices/credit-notes/new
├ ○ /dashboard/invoices/new
├ ○ /dashboard/invoices/payments
├ ○ /dashboard/invoices/recurring
├ ○ /dashboard/invoices/recurring/new
├ ○ /dashboard/invoices/templates
├ ○ /dashboard/learn
├ ○ /dashboard/margot
├ ○ /dashboard/margot/home
├ ○ /dashboard/media
├ ○ /dashboard/mission-control
├ ○ /dashboard/mobile
├ ○ /dashboard/notifications
├ ○ /dashboard/onboarding
├ ○ /dashboard/pricing
├ ○ /dashboard/pricing-config
├ ○ /dashboard/quote
├ ○ /dashboard/reports
├ ƒ /dashboard/reports/[id]
├ ƒ /dashboard/reports/[id]/authority-forms/[formId]
├ ƒ /dashboard/reports/[id]/completeness
├ ƒ /dashboard/reports/[id]/edit
├ ƒ /dashboard/reports/[id]/preview
├ ƒ /dashboard/reports/[id]/share
├ ƒ /dashboard/reports/[id]/version-history
├ ○ /dashboard/reports/completeness-check
├ ○ /dashboard/reports/new
├ ○ /dashboard/restoration-documents
├ ƒ /dashboard/restoration-documents/invoice/[id]
├ ○ /dashboard/restoration-documents/invoice/new
├ ○ /dashboard/scope-templates
├ ○ /dashboard/search
├ ○ /dashboard/security
├ ○ /dashboard/settings
├ ○ /dashboard/settings/ai-providers
├ ○ /dashboard/settings/cloud-mirror
├ ○ /dashboard/settings/credentials
├ ○ /dashboard/settings/email-templates
├ ○ /dashboard/settings/floor-plan
├ ƒ /dashboard/settings/health
├ ○ /dashboard/settings/insurer-profiles
├ ƒ /dashboard/settings/storage
├ ○ /dashboard/settings/xero-mapping
├ ○ /dashboard/subscription
├ ○ /dashboard/success
├ ○ /dashboard/support
├ ○ /dashboard/team
├ ƒ /dashboard/team/[id]
├ ƒ /dashboard/telemetry
├ ○ /dashboard/whs
├ ○ /faq
├ ○ /features
├ ○ /forgot-password
├ ○ /help                                                          1h      1y
├ ○ /help/[category]/[slug]
├ ○ /how-it-works
├ ○ /icon.png
├ ƒ /invite/[token]
├ ○ /login
├ ○ /manifest.webmanifest
├ ○ /onboarding/account-type
├ ○ /pilot/adjuster-review
├ ○ /portal
├ ƒ /portal/[token]
├ ƒ /portal/insurer/[token]
├ ○ /portal/login
├ ƒ /portal/reports/[id]
├ ○ /portal/signup
├ ○ /pricing
├ ○ /privacy
├ ƒ /reports/[id]/view
├ ○ /resources
├ ● /resources/[slug]
│ ├ /resources/air-mover-placement-guide
│ ├ /resources/antimicrobial-treatment-guide
│ ├ /resources/asbestos-in-water-damage
│ └ [+26 more paths]
├ ƒ /setup
├ ƒ /sign/[token]
├ ○ /signup
├ ○ /sitemap.xml
├ ○ /solutions
├ ƒ /status
├ ○ /support
└ ○ /terms


ƒ Proxy (Middleware)

○  (Static)   prerendered as static content
●  (SSG)      prerendered as static HTML (uses generateStaticParams)
ƒ  (Dynamic)  server-rendered on demand

